info A dev server is already running for this project on port 8081.
info Found Xcode workspace "Yoraa.xcworkspace"
info Found booted Rithik’s iPhone
info Building (using "xcodebuild -workspace Yoraa.xcworkspace -configuration Release -scheme Yoraa -destination id=00008130-000C79462E43001C")
▸ Processing ResourceBundle-GoogleDataTransport_Privacy-GoogleDataTransport-Info.plist
▸ Processing ResourceBundle-GoogleUtilities_Privacy-GoogleUtilities-Info.plist
▸ Processing ResourceBundle-RNImagePickerPrivacyInfo-react-native-image-picker-Info.plist
▸ Processing fmt-Info.plist
▸ Processing ResourceBundle-GTMSessionFetcher_Core_Privacy-GTMSessionFetcher-Info.plist
▸ Processing ResourceBundle-FirebaseCoreInternal_Privacy-FirebaseCoreInternal-Info.plist
▸ Processing ResourceBundle-nanopb_Privacy-nanopb-Info.plist
▸ Processing ResourceBundle-FBLPromises_Privacy-PromisesObjC-Info.plist
▸ Processing Yoga-Info.plist
▸ Running script '[CP-User] [Hermes] Replace Hermes for the right configuration, if needed'
▸ Processing ResourceBundle-glog_privacy-glog-Info.plist
▸ Processing ResourceBundle-boost_privacy-boost-Info.plist
▸ Processing SocketRocket-Info.plist
▸ Processing RecaptchaInterop-Info.plist
▸ Processing ResourceBundle-RecaptchaEnterpriseSDKResources-RecaptchaEnterpriseSDK-Info.plist
▸ Processing React-rendererconsistency-Info.plist
▸ Processing React-oscompat-Info.plist
▸ Processing React-debug-Info.plist
▸ Processing nanopb-Info.plist
▸ Processing ResourceBundle-React-cxxreact_privacy-React-cxxreact-Info.plist
▸ Processing ResourceBundle-React-Core_privacy-React-Core-Info.plist
▸ Processing ResourceBundle-RNSVGFilters-RNSVG-Info.plist
▸ Processing ResourceBundle-RNPermissionsPrivacyInfo-RNPermissions-Info.plist
▸ Processing ResourceBundle-RNCAsyncStorage_resources-RNCAsyncStorage-Info.plist
▸ Processing RCTDeprecation-Info.plist
▸ Processing ResourceBundle-RCT-Folly_privacy-RCT-Folly-Info.plist
▸ Processing PromisesObjC-Info.plist
▸ Processing GoogleUtilities-Info.plist
▸ Processing ResourceBundle-GoogleSignIn-GoogleSignIn-Info.plist
▸ Processing GTMSessionFetcher-Info.plist
▸ Processing ResourceBundle-GTMAppAuth_Privacy-GTMAppAuth-Info.plist
▸ Processing ResourceBundle-FirebaseMessaging_Privacy-FirebaseMessaging-Info.plist
▸ Processing ResourceBundle-FirebaseInstallations_Privacy-FirebaseInstallations-Info.plist
▸ Processing ResourceBundle-FirebaseCoreExtension_Privacy-FirebaseCoreExtension-Info.plist
▸ Processing ResourceBundle-FirebaseCore_Privacy-FirebaseCore-Info.plist
▸ Processing FirebaseAuthInterop-Info.plist
▸ Processing ResourceBundle-FirebaseAuth_Privacy-FirebaseAuth-Info.plist
▸ Processing FirebaseAppCheckInterop-Info.plist
▸ Processing DoubleConversion-Info.plist
▸ Processing ResourceBundle-AppAuthCore_Privacy-AppAuth-Info.plist
▸ Running script 'Create Symlinks to Header Folders'
▸ Running script 'Create Symlinks to Header Folders'
▸ Running script 'Create Symlinks to Header Folders'
▸ Running script 'Create Symlinks to Header Folders'
▸ Processing AppAuth-Info.plist
▸ Processing GoogleDataTransport-Info.plist
▸ Processing AppCheckCore-Info.plist
▸ Processing FirebaseCoreInternal-Info.plist
▸ Processing RecaptchaEnterprise-Info.plist
▸ Processing glog-Info.plist
▸ Running script '[CP] Copy XCFrameworks'
▸ Processing GTMAppAuth-Info.plist
▸ Processing RCT-Folly-Info.plist
▸ Processing FirebaseCore-Info.plist
▸ Processing GoogleSignIn-Info.plist
▸ Running script 'Create Symlinks to Header Folders'
▸ Processing FirebaseInstallations-Info.plist
▸ Processing FirebaseCoreExtension-Info.plist
▸ Processing FirebaseAppCheck-Info.plist
▸ Processing React-rendererdebug-Info.plist
▸ Processing React-featureflags-Info.plist
▸ Processing React-Mapbuffer-Info.plist
▸ Processing React-jsinspectorcdp-Info.plist
▸ Processing React-jsi-Info.plist
▸ Processing React-perflogger-Info.plist
▸ Processing React-logger-Info.plist
▸ Running script 'Create Symlinks to Header Folders'
▸ Running script 'Create Symlinks to Header Folders'
▸ Running script 'Create Symlinks to Header Folders'
▸ Running script 'Create Symlinks to Header Folders'
▸ Running script 'Create Symlinks to Header Folders'
▸ Processing React-jsinspectortracing-Info.plist
▸ Processing FirebaseMessaging-Info.plist
▸ Processing FirebaseAuth-Info.plist
▸ Processing React-jsinspectornetwork-Info.plist
▸ Running script 'Create Symlinks to Header Folders'
▸ Running script 'Create Symlinks to Header Folders'
▸ Processing React-performancetimeline-Info.plist
▸ Processing React-jsinspector-Info.plist
▸ Processing React-cxxreact-Info.plist
    Run script build phase 'Create Symlinks to Header Folders' will be run during every build because it does not specify any outputs. To address this issue, either add output dependencies to the script phase, or configure it to run in every build by unchecking "Based on dependency analysis" in the script phase. (in target 'React-jsitooling' from project 'Pods')
▸ Processing React-jsitooling-Info.plist
▸ Processing React-jsiexecutor-Info.plist
▸ Running script 'Create Symlinks to Header Folders'
▸ Processing React-hermes-Info.plist
▸ Processing React-utils-Info.plist
▸ Running script 'Create Symlinks to Header Folders'
    Run script build phase 'Create Symlinks to Header Folders' will be run during every build because it does not specify any outputs. To address this issue, either add output dependencies to the script phase, or configure it to run in every build by unchecking "Based on dependency analysis" in the script phase. (in target 'ReactCommon' from project 'Pods')
▸ Processing ReactCommon-Info.plist
▸ Processing React-runtimescheduler-Info.plist
▸ Processing React-renderercss-Info.plist
▸ Processing React-graphics-Info.plist
▸ Running script 'Create Symlinks to Header Folders'
▸ Running script 'Create Symlinks to Header Folders'
▸ Running script 'Create Symlinks to Header Folders'
▸ Running script 'Create Symlinks to Header Folders'
▸ Compiling JsErrorHandler.cpp
▸ Compiling StackTraceParser.cpp
▸ Processing React-jserrorhandler-Info.plist
▸ Processing React-Core-Info.plist
▸ Compiling RNFBAuthModule.m
▸ Compiling RCTInteropTurboModule.mm
▸ Compiling RCTTurboModuleManager.mm
▸ Compiling RCTTurboModule.mm
▸ Processing react-native-voice-Info.plist
▸ Processing react-native-netinfo-Info.plist
▸ Running script '[CP-User] Config codegen'
▸ Processing react-native-config-Info.plist
▸ Processing VisionCamera-Info.plist
▸ Processing React-RCTText-Info.plist
▸ Processing React-NativeModulesApple-Info.plist
▸ Processing RNFBApp-Info.plist
▸ Processing RNAppleAuthentication-Info.plist
▸ Processing RCTTypeSafety-Info.plist
▸ Processing RNFBMessaging-Info.plist
▸ Processing RNFBAuth-Info.plist
▸ Processing React-Fabric-Info.plist
▸ Running script '[CP-User] [RN]Check rncore'
    Run script build phase 'Create Symlinks to Header Folders' will be run during every build because it does not specify any outputs. To address this issue, either add output dependencies to the script phase, or configure it to run in every build by unchecking "Based on dependency analysis" in the script phase. (in target 'React-FabricImage' from project 'Pods')
    Run script build phase 'Create Symlinks to Header Folders' will be run during every build because it does not specify any outputs. To address this issue, either add output dependencies to the script phase, or configure it to run in every build by unchecking "Based on dependency analysis" in the script phase. (in target 'React-RCTRuntime' from project 'Pods')
    Run script build phase '[CP-User] [RNFB] Core Configuration' will be run during every build because it does not specify any outputs. To address this issue, either add output dependencies to the script phase, or configure it to run in every build by unchecking "Based on dependency analysis" in the script phase. (in target 'YoraaApp' from project 'Yoraa')
    Run script build phase 'Bundle React Native code and images' will be run during every build because it does not specify any outputs. To address this issue, either add output dependencies to the script phase, or configure it to run in every build by unchecking "Based on dependency analysis" in the script phase. (in target 'YoraaApp' from project 'Yoraa')
    Run script build phase 'Create Symlinks to Header Folders' will be run during every build because it does not specify any outputs. To address this issue, either add output dependencies to the script phase, or configure it to run in every build by unchecking "Based on dependency analysis" in the script phase. (in target 'React-featureflagsnativemodule' from project 'Pods')
    Run script build phase 'Create Symlinks to Header Folders' will be run during every build because it does not specify any outputs. To address this issue, either add output dependencies to the script phase, or configure it to run in every build by unchecking "Based on dependency analysis" in the script phase. (in target 'React-microtasksnativemodule' from project 'Pods')
    Run script build phase 'Create Symlinks to Header Folders' will be run during every build because it does not specify any outputs. To address this issue, either add output dependencies to the script phase, or configure it to run in every build by unchecking "Based on dependency analysis" in the script phase. (in target 'React-RuntimeCore' from project 'Pods')
    Run script build phase 'Create Symlinks to Header Folders' will be run during every build because it does not specify any outputs. To address this issue, either add output dependencies to the script phase, or configure it to run in every build by unchecking "Based on dependency analysis" in the script phase. (in target 'React-defaultsnativemodule' from project 'Pods')
    Run script build phase 'Create Symlinks to Header Folders' will be run during every build because it does not specify any outputs. To address this issue, either add output dependencies to the script phase, or configure it to run in every build by unchecking "Based on dependency analysis" in the script phase. (in target 'ReactCodegen' from project 'Pods')
    Run script build phase 'Create Symlinks to Header Folders' will be run during every build because it does not specify any outputs. To address this issue, either add output dependencies to the script phase, or configure it to run in every build by unchecking "Based on dependency analysis" in the script phase. (in target 'React-domnativemodule' from project 'Pods')
    Run script build phase 'Create Symlinks to Header Folders' will be run during every build because it does not specify any outputs. To address this issue, either add output dependencies to the script phase, or configure it to run in every build by unchecking "Based on dependency analysis" in the script phase. (in target 'React-FabricComponents' from project 'Pods')
    Run script build phase 'Create Symlinks to Header Folders' will be run during every build because it does not specify any outputs. To address this issue, either add output dependencies to the script phase, or configure it to run in every build by unchecking "Based on dependency analysis" in the script phase. (in target 'React-ImageManager' from project 'Pods')
    Run script build phase 'Create Symlinks to Header Folders' will be run during every build because it does not specify any outputs. To address this issue, either add output dependencies to the script phase, or configure it to run in every build by unchecking "Based on dependency analysis" in the script phase. (in target 'React-idlecallbacksnativemodule' from project 'Pods')
    Run script build phase 'Create Symlinks to Header Folders' will be run during every build because it does not specify any outputs. To address this issue, either add output dependencies to the script phase, or configure it to run in every build by unchecking "Based on dependency analysis" in the script phase. (in target 'React-RuntimeApple' from project 'Pods')
    Run script build phase 'Create Symlinks to Header Folders' will be run during every build because it does not specify any outputs. To address this issue, either add output dependencies to the script phase, or configure it to run in every build by unchecking "Based on dependency analysis" in the script phase. (in target 'React-RuntimeHermes' from project 'Pods')
    Run script build phase 'Create Symlinks to Header Folders' will be run during every build because it does not specify any outputs. To address this issue, either add output dependencies to the script phase, or configure it to run in every build by unchecking "Based on dependency analysis" in the script phase. (in target 'fmt' from project 'Pods')
    Run script build phase 'Create Symlinks to Header Folders' will be run during every build because it does not specify any outputs. To address this issue, either add output dependencies to the script phase, or configure it to run in every build by unchecking "Based on dependency analysis" in the script phase. (in target 'Yoga' from project 'Pods')
    Run script build phase '[CP-User] [Hermes] Replace Hermes for the right configuration, if needed' will be run during every build because it does not specify any outputs. To address this issue, either add output dependencies to the script phase, or configure it to run in every build by unchecking "Based on dependency analysis" in the script phase. (in target 'hermes-engine' from project 'Pods')
    Run script build phase 'Create Symlinks to Header Folders' will be run during every build because it does not specify any outputs. To address this issue, either add output dependencies to the script phase, or configure it to run in every build by unchecking "Based on dependency analysis" in the script phase. (in target 'React-rendererconsistency' from project 'Pods')
    Run script build phase 'Create Symlinks to Header Folders' will be run during every build because it does not specify any outputs. To address this issue, either add output dependencies to the script phase, or configure it to run in every build by unchecking "Based on dependency analysis" in the script phase. (in target 'React-debug' from project 'Pods')
    Run script build phase 'Create Symlinks to Header Folders' will be run during every build because it does not specify any outputs. To address this issue, either add output dependencies to the script phase, or configure it to run in every build by unchecking "Based on dependency analysis" in the script phase. (in target 'RCT-Folly' from project 'Pods')
    Run script build phase 'Create Symlinks to Header Folders' will be run during every build because it does not specify any outputs. To address this issue, either add output dependencies to the script phase, or configure it to run in every build by unchecking "Based on dependency analysis" in the script phase. (in target 'React-rendererdebug' from project 'Pods')
    Run script build phase 'Create Symlinks to Header Folders' will be run during every build because it does not specify any outputs. To address this issue, either add output dependencies to the script phase, or configure it to run in every build by unchecking "Based on dependency analysis" in the script phase. (in target 'React-featureflags' from project 'Pods')
    Run script build phase 'Create Symlinks to Header Folders' will be run during every build because it does not specify any outputs. To address this issue, either add output dependencies to the script phase, or configure it to run in every build by unchecking "Based on dependency analysis" in the script phase. (in target 'React-Mapbuffer' from project 'Pods')
    Run script build phase 'Create Symlinks to Header Folders' will be run during every build because it does not specify any outputs. To address this issue, either add output dependencies to the script phase, or configure it to run in every build by unchecking "Based on dependency analysis" in the script phase. (in target 'React-jsinspectorcdp' from project 'Pods')
    Run script build phase 'Create Symlinks to Header Folders' will be run during every build because it does not specify any outputs. To address this issue, either add output dependencies to the script phase, or configure it to run in every build by unchecking "Based on dependency analysis" in the script phase. (in target 'React-jsinspectortracing' from project 'Pods')
    Run script build phase 'Create Symlinks to Header Folders' will be run during every build because it does not specify any outputs. To address this issue, either add output dependencies to the script phase, or configure it to run in every build by unchecking "Based on dependency analysis" in the script phase. (in target 'React-jsinspectornetwork' from project 'Pods')
    Run script build phase 'Create Symlinks to Header Folders' will be run during every build because it does not specify any outputs. To address this issue, either add output dependencies to the script phase, or configure it to run in every build by unchecking "Based on dependency analysis" in the script phase. (in target 'React-performancetimeline' from project 'Pods')
    Run script build phase 'Create Symlinks to Header Folders' will be run during every build because it does not specify any outputs. To address this issue, either add output dependencies to the script phase, or configure it to run in every build by unchecking "Based on dependency analysis" in the script phase. (in target 'React-utils' from project 'Pods')
    Run script build phase 'Create Symlinks to Header Folders' will be run during every build because it does not specify any outputs. To address this issue, either add output dependencies to the script phase, or configure it to run in every build by unchecking "Based on dependency analysis" in the script phase. (in target 'React-runtimescheduler' from project 'Pods')
    Run script build phase 'Create Symlinks to Header Folders' will be run during every build because it does not specify any outputs. To address this issue, either add output dependencies to the script phase, or configure it to run in every build by unchecking "Based on dependency analysis" in the script phase. (in target 'React-renderercss' from project 'Pods')
    Run script build phase 'Create Symlinks to Header Folders' will be run during every build because it does not specify any outputs. To address this issue, either add output dependencies to the script phase, or configure it to run in every build by unchecking "Based on dependency analysis" in the script phase. (in target 'React-graphics' from project 'Pods')
    Run script build phase 'Create Symlinks to Header Folders' will be run during every build because it does not specify any outputs. To address this issue, either add output dependencies to the script phase, or configure it to run in every build by unchecking "Based on dependency analysis" in the script phase. (in target 'React-jserrorhandler' from project 'Pods')
    Run script build phase 'Create Symlinks to Header Folders' will be run during every build because it does not specify any outputs. To address this issue, either add output dependencies to the script phase, or configure it to run in every build by unchecking "Based on dependency analysis" in the script phase. (in target 'React-NativeModulesApple' from project 'Pods')
    Run script build phase 'Create Symlinks to Header Folders' will be run during every build because it does not specify any outputs. To address this issue, either add output dependencies to the script phase, or configure it to run in every build by unchecking "Based on dependency analysis" in the script phase. (in target 'React-Fabric' from project 'Pods')

info 💡 Tip: Make sure that you have set up your development environment correctly, by running npx react-native doctor. To read more about doctor command visit: https://github.com/react-native-community/cli/blob/main/packages/cli-doctor/README.md#doctor 

error Failed to build ios project. "xcodebuild" exited with error code '65'. To debug build logs further, consider building your app with Xcode.app, by opening 'Yoraa.xcworkspace'.
